14/07/2022 01:10:35 PM : INFO : root : MULTI LEVEL INHERITANCE
14/07/2022 01:10:35 PM : INFO : root : All the list functions worked perfectly.
14/07/2022 01:10:35 PM : INFO : root : All the list functions worked perfectly.
14/07/2022 01:10:35 PM : INFO : root : All the list functions worked perfectly.
14/07/2022 01:10:35 PM : INFO : root : All the list functions worked perfectly.
14/07/2022 01:10:35 PM : INFO : root : All the list functions worked perfectly.
14/07/2022 01:10:35 PM : INFO : root : All the list functions worked perfectly.
14/07/2022 01:10:35 PM : INFO : root : All the list functions worked perfectly.
14/07/2022 01:10:35 PM : INFO : root : MULTIPLE INHERITANCE
14/07/2022 01:10:35 PM : INFO : root : All the list functions worked perfectly.
14/07/2022 01:10:35 PM : INFO : root : All the list functions worked perfectly.
14/07/2022 01:10:35 PM : INFO : root : All the list functions worked perfectly.
14/07/2022 01:10:35 PM : INFO : root : All the list functions worked perfectly.
14/07/2022 01:10:35 PM : INFO : root : All the list functions worked perfectly.
14/07/2022 01:10:35 PM : INFO : root : All the list functions worked perfectly.
14/07/2022 01:10:35 PM : INFO : root : All the list functions worked perfectly.
14/07/2022 06:00:50 PM : INFO : root : ENCAPSULATION
14/07/2022 06:00:50 PM : INFO : root : All the list functions worked perfectly.
14/07/2022 06:00:50 PM : INFO : root : All the list functions worked perfectly.
14/07/2022 06:00:50 PM : INFO : root : vishal
14/07/2022 06:02:08 PM : INFO : root : ENCAPSULATION
14/07/2022 06:02:08 PM : INFO : root : All the list functions worked perfectly.
14/07/2022 06:02:08 PM : INFO : root : All the list functions worked perfectly.
14/07/2022 06:02:08 PM : INFO : root : vishal
14/07/2022 06:03:13 PM : INFO : root : ENCAPSULATION
14/07/2022 06:03:13 PM : INFO : root : All the list functions worked perfectly.
14/07/2022 06:03:13 PM : INFO : root : All the list functions worked perfectly.
14/07/2022 06:03:13 PM : INFO : root : vishal
14/07/2022 06:08:55 PM : INFO : root : ENCAPSULATION
14/07/2022 06:08:55 PM : INFO : root : All the list functions worked perfectly.
14/07/2022 06:08:55 PM : INFO : root : All the list functions worked perfectly.
14/07/2022 06:08:55 PM : INFO : root : vishal
14/07/2022 06:17:19 PM : INFO : root : ENCAPSULATION
14/07/2022 06:17:19 PM : INFO : root : All the list functions worked perfectly.
14/07/2022 06:17:19 PM : INFO : root : All the list functions worked perfectly.
14/07/2022 06:17:19 PM : INFO : root : vishal
14/07/2022 06:17:49 PM : INFO : root : ENCAPSULATION
14/07/2022 06:17:49 PM : INFO : root : All the list functions worked perfectly.
14/07/2022 06:17:49 PM : INFO : root : All the list functions worked perfectly.
14/07/2022 06:17:49 PM : INFO : root : vishal
14/07/2022 06:18:58 PM : INFO : root : ENCAPSULATION
14/07/2022 06:18:58 PM : INFO : root : All the list functions worked perfectly.
14/07/2022 06:18:58 PM : INFO : root : All the list functions worked perfectly.
14/07/2022 06:19:55 PM : INFO : root : ENCAPSULATION
14/07/2022 06:19:55 PM : INFO : root : All the list functions worked perfectly.
14/07/2022 06:19:55 PM : INFO : root : All the list functions worked perfectly.
14/07/2022 06:20:04 PM : INFO : root : ENCAPSULATION
14/07/2022 06:20:04 PM : INFO : root : All the list functions worked perfectly.
14/07/2022 06:20:04 PM : INFO : root : All the list functions worked perfectly.
14/07/2022 06:20:47 PM : INFO : root : ENCAPSULATION
14/07/2022 06:20:47 PM : INFO : root : All the list functions worked perfectly.
14/07/2022 06:20:47 PM : INFO : root : All the list functions worked perfectly.
14/07/2022 06:23:34 PM : INFO : root : ENCAPSULATION
14/07/2022 06:23:34 PM : INFO : root : All the list functions worked perfectly.
14/07/2022 06:23:34 PM : INFO : root : All the list functions worked perfectly.
14/07/2022 06:23:34 PM : INFO : root : vishal
14/07/2022 06:47:39 PM : INFO : root : ENCAPSULATION
14/07/2022 06:47:39 PM : INFO : root : All the list functions worked perfectly.
14/07/2022 06:47:39 PM : INFO : root : All the list functions worked perfectly.
14/07/2022 06:47:39 PM : INFO : root : vishal
14/07/2022 06:47:39 PM : INFO : root : METHOD OVERRIDING
14/07/2022 06:48:22 PM : INFO : root : ENCAPSULATION
14/07/2022 06:48:22 PM : INFO : root : All the list functions worked perfectly.
14/07/2022 06:48:22 PM : INFO : root : All the list functions worked perfectly.
14/07/2022 06:48:22 PM : INFO : root : vishal
14/07/2022 06:48:22 PM : INFO : root : METHOD OVERRIDING
14/07/2022 06:50:27 PM : INFO : root : ENCAPSULATION
14/07/2022 06:50:27 PM : INFO : root : All the list functions worked perfectly.
14/07/2022 06:50:27 PM : INFO : root : All the list functions worked perfectly.
14/07/2022 06:50:27 PM : INFO : root : vishal
14/07/2022 06:50:27 PM : INFO : root : kumar
14/07/2022 06:50:27 PM : INFO : root : 5
14/07/2022 06:50:27 PM : INFO : root : METHOD OVERRIDING
14/07/2022 06:50:27 PM : INFO : root : None
14/07/2022 06:50:27 PM : INFO : root : None
14/07/2022 06:50:27 PM : INFO : root : None
14/07/2022 06:50:27 PM : INFO : root : None
14/07/2022 06:53:45 PM : INFO : root : MULTI LEVEL INHERITANCE
14/07/2022 06:53:45 PM : INFO : root : All the list functions worked perfectly.
14/07/2022 06:53:45 PM : INFO : root : All the list functions worked perfectly.
14/07/2022 06:53:45 PM : INFO : root : All the list functions worked perfectly.
14/07/2022 06:53:45 PM : INFO : root : All the list functions worked perfectly.
14/07/2022 06:53:45 PM : INFO : root : All the list functions worked perfectly.
14/07/2022 06:53:45 PM : INFO : root : All the list functions worked perfectly.
14/07/2022 06:53:45 PM : INFO : root : All the list functions worked perfectly.
14/07/2022 06:53:45 PM : INFO : root : MULTIPLE INHERITANCE
14/07/2022 06:53:45 PM : INFO : root : All the list functions worked perfectly.
14/07/2022 06:53:45 PM : INFO : root : All the list functions worked perfectly.
14/07/2022 06:53:45 PM : INFO : root : All the list functions worked perfectly.
14/07/2022 06:53:45 PM : INFO : root : All the list functions worked perfectly.
14/07/2022 06:53:45 PM : INFO : root : All the list functions worked perfectly.
14/07/2022 06:53:45 PM : INFO : root : All the list functions worked perfectly.
14/07/2022 06:53:45 PM : INFO : root : All the list functions worked perfectly.
14/07/2022 06:54:04 PM : INFO : root : ENCAPSULATION
14/07/2022 06:54:04 PM : INFO : root : All the list functions worked perfectly.
14/07/2022 06:54:04 PM : INFO : root : All the list functions worked perfectly.
14/07/2022 06:54:04 PM : INFO : root : vis
14/07/2022 06:54:04 PM : INFO : root : kumar
14/07/2022 06:54:04 PM : INFO : root : 5
14/07/2022 06:54:04 PM : INFO : root : METHOD OVERRIDING
14/07/2022 06:54:04 PM : INFO : root : All the list functions worked perfectly.
14/07/2022 06:54:04 PM : INFO : root : All the list functions worked perfectly.
14/07/2022 06:54:04 PM : INFO : root : All the list functions worked perfectly.
14/07/2022 06:54:04 PM : INFO : root : All the list functions worked perfectly.
14/07/2022 06:54:04 PM : INFO : root : All the list functions worked perfectly.
14/07/2022 07:22:38 PM : INFO : root : ENCAPSULATION
14/07/2022 07:22:38 PM : INFO : root : All the list functions worked perfectly.
14/07/2022 07:22:38 PM : INFO : root : All the list functions worked perfectly.
14/07/2022 07:22:38 PM : INFO : root : vis
14/07/2022 07:22:38 PM : INFO : root : kumar
14/07/2022 07:22:38 PM : INFO : root : 5
14/07/2022 07:22:38 PM : INFO : root : METHOD OVERRIDING
14/07/2022 07:22:38 PM : INFO : root : All the list functions worked perfectly.
14/07/2022 07:22:38 PM : INFO : root : All the list functions worked perfectly.
14/07/2022 07:22:38 PM : INFO : root : All the list functions worked perfectly.
14/07/2022 07:22:38 PM : INFO : root : All the list functions worked perfectly.
14/07/2022 07:22:38 PM : INFO : root : All the list functions worked perfectly.
14/07/2022 07:22:38 PM : INFO : root : POLYMORPHISM
14/07/2022 07:22:38 PM : INFO : root : All the list functions worked perfectly.
14/07/2022 07:22:38 PM : INFO : root : All the list functions worked perfectly.
14/07/2022 07:24:20 PM : INFO : root : ENCAPSULATION
14/07/2022 07:24:20 PM : INFO : root : All the list functions worked perfectly.
14/07/2022 07:24:20 PM : INFO : root : All the list functions worked perfectly.
14/07/2022 07:24:20 PM : INFO : root : vis
14/07/2022 07:24:20 PM : INFO : root : kumar
14/07/2022 07:24:20 PM : INFO : root : 5
14/07/2022 07:24:20 PM : INFO : root : METHOD OVERRIDING
14/07/2022 07:24:20 PM : INFO : root : All the list functions worked perfectly.
14/07/2022 07:24:20 PM : INFO : root : All the list functions worked perfectly.
14/07/2022 07:24:20 PM : INFO : root : All the list functions worked perfectly.
14/07/2022 07:24:20 PM : INFO : root : All the list functions worked perfectly.
14/07/2022 07:24:20 PM : INFO : root : All the list functions worked perfectly.
14/07/2022 07:24:20 PM : INFO : root : POLYMORPHISM
14/07/2022 07:24:20 PM : INFO : root : All the list functions worked perfectly.
14/07/2022 07:24:20 PM : INFO : root : All the list functions worked perfectly.
14/07/2022 07:24:52 PM : INFO : root : ENCAPSULATION
14/07/2022 07:24:52 PM : INFO : root : All the list functions worked perfectly.
14/07/2022 07:24:52 PM : INFO : root : All the list functions worked perfectly.
14/07/2022 07:24:52 PM : INFO : root : vis
14/07/2022 07:24:52 PM : INFO : root : kumar
14/07/2022 07:24:52 PM : INFO : root : 5
14/07/2022 07:24:52 PM : INFO : root : METHOD OVERRIDING
14/07/2022 07:24:52 PM : INFO : root : All the list functions worked perfectly.
14/07/2022 07:24:52 PM : INFO : root : All the list functions worked perfectly.
14/07/2022 07:24:52 PM : INFO : root : All the list functions worked perfectly.
14/07/2022 07:24:52 PM : INFO : root : All the list functions worked perfectly.
14/07/2022 07:24:52 PM : INFO : root : All the list functions worked perfectly.
14/07/2022 07:24:52 PM : INFO : root : POLYMORPHISM
14/07/2022 07:24:52 PM : INFO : root : All the list functions worked perfectly.
14/07/2022 07:24:52 PM : INFO : root : All the list functions worked perfectly.
14/07/2022 07:26:50 PM : INFO : root : ENCAPSULATION
14/07/2022 07:26:50 PM : INFO : root : All the list functions worked perfectly.
14/07/2022 07:26:50 PM : INFO : root : All the list functions worked perfectly.
14/07/2022 07:26:50 PM : INFO : root : vis
14/07/2022 07:26:50 PM : INFO : root : kumar
14/07/2022 07:26:50 PM : INFO : root : 5
14/07/2022 07:26:50 PM : INFO : root : METHOD OVERRIDING
14/07/2022 07:26:50 PM : INFO : root : All the list functions worked perfectly.
14/07/2022 07:26:50 PM : INFO : root : All the list functions worked perfectly.
14/07/2022 07:26:50 PM : INFO : root : All the list functions worked perfectly.
14/07/2022 07:26:50 PM : INFO : root : All the list functions worked perfectly.
14/07/2022 07:26:50 PM : INFO : root : All the list functions worked perfectly.
14/07/2022 07:26:50 PM : INFO : root : POLYMORPHISM
14/07/2022 07:26:50 PM : INFO : root : All the list functions worked perfectly.
14/07/2022 07:26:50 PM : INFO : root : All the list functions worked perfectly.
14/07/2022 07:28:21 PM : INFO : root : ENCAPSULATION
14/07/2022 07:28:21 PM : INFO : root : All the list functions worked perfectly.
14/07/2022 07:28:21 PM : INFO : root : All the list functions worked perfectly.
14/07/2022 07:28:21 PM : INFO : root : vis
14/07/2022 07:28:21 PM : INFO : root : kumar
14/07/2022 07:28:21 PM : INFO : root : 5
14/07/2022 07:28:21 PM : INFO : root : METHOD OVERRIDING
14/07/2022 07:28:21 PM : INFO : root : All the list functions worked perfectly.
14/07/2022 07:28:21 PM : INFO : root : All the list functions worked perfectly.
14/07/2022 07:28:21 PM : INFO : root : All the list functions worked perfectly.
14/07/2022 07:28:21 PM : INFO : root : All the list functions worked perfectly.
14/07/2022 07:28:21 PM : INFO : root : All the list functions worked perfectly.
14/07/2022 07:28:21 PM : INFO : root : POLYMORPHISM
14/07/2022 07:28:21 PM : INFO : root : All the list functions worked perfectly.
14/07/2022 07:28:21 PM : INFO : root : All the list functions worked perfectly.
14/07/2022 07:28:21 PM : INFO : root : All the list functions worked perfectly.
14/07/2022 07:28:21 PM : INFO : root : All the list functions worked perfectly.
14/07/2022 07:28:21 PM : INFO : root : All the list functions worked perfectly.
14/07/2022 07:28:21 PM : INFO : root : All the list functions worked perfectly.
14/07/2022 07:28:21 PM : INFO : root : All the list functions worked perfectly.
14/07/2022 07:28:21 PM : INFO : root : All the list functions worked perfectly.
14/07/2022 07:28:21 PM : INFO : root : All the list functions worked perfectly.
